[2021-02-07 21:06:21,566] INFO [GroupCoordinator 0]: Member[group.instance.id None, member.id rdkafka-91116fc3-0d84-42c2-99ae-e7b29d3237f0] in group 73cb412f-56c8-4fce-8dca-7f4eed86c548 has left, removing it from the group (kafka.coordinator.group.GroupCoordinator)
[2021-02-07 21:06:21,566] INFO [GroupCoordinator 0]: Preparing to rebalance group 73cb412f-56c8-4fce-8dca-7f4eed86c548 in state PreparingRebalance with old generation 1 (__consumer_offsets-43) (reason: removing member rdkafka-91116fc3-0d84-42c2-99ae-e7b29d3237f0 on LeaveGroup) (kafka.coordinator.group.GroupCoordinator)
[2021-02-07 21:06:21,566] INFO [GroupCoordinator 0]: Group 73cb412f-56c8-4fce-8dca-7f4eed86c548 with generation 2 is now empty (__consumer_offsets-43) (kafka.coordinator.group.GroupCoordinator)
[2021-02-07 21:06:23,084] INFO Terminating process due to signal SIGINT (org.apache.kafka.common.utils.LoggingSignalHandler)
[2021-02-07 21:06:23,085] INFO [KafkaServer id=0] shutting down (kafka.server.KafkaServer)
[2021-02-07 21:06:23,086] INFO [KafkaServer id=0] Starting controlled shutdown (kafka.server.KafkaServer)
[2021-02-07 21:06:23,101] INFO [KafkaServer id=0] Controlled shutdown succeeded (kafka.server.KafkaServer)
[2021-02-07 21:06:23,106] INFO [/config/changes-event-process-thread]: Shutting down (kafka.common.ZkNodeChangeNotificationListener$ChangeEventProcessThread)
[2021-02-07 21:06:23,106] INFO [/config/changes-event-process-thread]: Stopped (kafka.common.ZkNodeChangeNotificationListener$ChangeEventProcessThread)
[2021-02-07 21:06:23,106] INFO [/config/changes-event-process-thread]: Shutdown completed (kafka.common.ZkNodeChangeNotificationListener$ChangeEventProcessThread)
[2021-02-07 21:06:23,107] INFO [SocketServer brokerId=0] Stopping socket server request processors (kafka.network.SocketServer)
[2021-02-07 21:06:23,114] INFO [SocketServer brokerId=0] Stopped socket server request processors (kafka.network.SocketServer)
[2021-02-07 21:06:23,115] INFO [data-plane Kafka Request Handler on Broker 0], shutting down (kafka.server.KafkaRequestHandlerPool)
[2021-02-07 21:06:23,117] INFO [data-plane Kafka Request Handler on Broker 0], shut down completely (kafka.server.KafkaRequestHandlerPool)
[2021-02-07 21:06:23,121] INFO [ExpirationReaper-0-AlterAcls]: Shutting down (kafka.server.DelayedOperationPurgatory$ExpiredOperationReaper)
[2021-02-07 21:06:23,304] INFO [ExpirationReaper-0-AlterAcls]: Stopped (kafka.server.DelayedOperationPurgatory$ExpiredOperationReaper)
[2021-02-07 21:06:23,304] INFO [ExpirationReaper-0-AlterAcls]: Shutdown completed (kafka.server.DelayedOperationPurgatory$ExpiredOperationReaper)
[2021-02-07 21:06:23,305] INFO [KafkaApi-0] Shutdown complete. (kafka.server.KafkaApis)
[2021-02-07 21:06:23,305] INFO [ExpirationReaper-0-topic]: Shutting down (kafka.server.DelayedOperationPurgatory$ExpiredOperationReaper)
[2021-02-07 21:06:23,353] INFO [ExpirationReaper-0-topic]: Stopped (kafka.server.DelayedOperationPurgatory$ExpiredOperationReaper)
[2021-02-07 21:06:23,353] INFO [ExpirationReaper-0-topic]: Shutdown completed (kafka.server.DelayedOperationPurgatory$ExpiredOperationReaper)
[2021-02-07 21:06:23,354] INFO [TransactionCoordinator id=0] Shutting down. (kafka.coordinator.transaction.TransactionCoordinator)
[2021-02-07 21:06:23,355] INFO [ProducerId Manager 0]: Shutdown complete: last producerId assigned 5000 (kafka.coordinator.transaction.ProducerIdManager)
[2021-02-07 21:06:23,356] INFO [Transaction State Manager 0]: Shutdown complete (kafka.coordinator.transaction.TransactionStateManager)
[2021-02-07 21:06:23,356] INFO [Transaction Marker Channel Manager 0]: Shutting down (kafka.coordinator.transaction.TransactionMarkerChannelManager)
[2021-02-07 21:06:23,356] INFO [Transaction Marker Channel Manager 0]: Stopped (kafka.coordinator.transaction.TransactionMarkerChannelManager)
[2021-02-07 21:06:23,356] INFO [Transaction Marker Channel Manager 0]: Shutdown completed (kafka.coordinator.transaction.TransactionMarkerChannelManager)
[2021-02-07 21:06:23,356] INFO [TransactionCoordinator id=0] Shutdown complete. (kafka.coordinator.transaction.TransactionCoordinator)
[2021-02-07 21:06:23,357] INFO [GroupCoordinator 0]: Shutting down. (kafka.coordinator.group.GroupCoordinator)
[2021-02-07 21:06:23,357] INFO [ExpirationReaper-0-Heartbeat]: Shutting down (kafka.server.DelayedOperationPurgatory$ExpiredOperationReaper)
[2021-02-07 21:06:23,513] INFO [ExpirationReaper-0-Heartbeat]: Stopped (kafka.server.DelayedOperationPurgatory$ExpiredOperationReaper)
[2021-02-07 21:06:23,513] INFO [ExpirationReaper-0-Heartbeat]: Shutdown completed (kafka.server.DelayedOperationPurgatory$ExpiredOperationReaper)
[2021-02-07 21:06:23,514] INFO [ExpirationReaper-0-Rebalance]: Shutting down (kafka.server.DelayedOperationPurgatory$ExpiredOperationReaper)
[2021-02-07 21:06:23,570] INFO [ExpirationReaper-0-Rebalance]: Stopped (kafka.server.DelayedOperationPurgatory$ExpiredOperationReaper)
[2021-02-07 21:06:23,570] INFO [ExpirationReaper-0-Rebalance]: Shutdown completed (kafka.server.DelayedOperationPurgatory$ExpiredOperationReaper)
[2021-02-07 21:06:23,571] INFO [GroupCoordinator 0]: Shutdown complete. (kafka.coordinator.group.GroupCoordinator)
[2021-02-07 21:06:23,572] INFO [ReplicaManager broker=0] Shutting down (kafka.server.ReplicaManager)
[2021-02-07 21:06:23,572] INFO [LogDirFailureHandler]: Shutting down (kafka.server.ReplicaManager$LogDirFailureHandler)
[2021-02-07 21:06:23,573] INFO [LogDirFailureHandler]: Stopped (kafka.server.ReplicaManager$LogDirFailureHandler)
[2021-02-07 21:06:23,573] INFO [LogDirFailureHandler]: Shutdown completed (kafka.server.ReplicaManager$LogDirFailureHandler)
[2021-02-07 21:06:23,574] INFO [ReplicaFetcherManager on broker 0] shutting down (kafka.server.ReplicaFetcherManager)
[2021-02-07 21:06:23,575] INFO [ReplicaFetcherManager on broker 0] shutdown completed (kafka.server.ReplicaFetcherManager)
[2021-02-07 21:06:23,575] INFO [ReplicaAlterLogDirsManager on broker 0] shutting down (kafka.server.ReplicaAlterLogDirsManager)
[2021-02-07 21:06:23,575] INFO [ReplicaAlterLogDirsManager on broker 0] shutdown completed (kafka.server.ReplicaAlterLogDirsManager)
[2021-02-07 21:06:23,575] INFO [ExpirationReaper-0-Fetch]: Shutting down (kafka.server.DelayedOperationPurgatory$ExpiredOperationReaper)
[2021-02-07 21:06:23,600] INFO [ExpirationReaper-0-Fetch]: Stopped (kafka.server.DelayedOperationPurgatory$ExpiredOperationReaper)
[2021-02-07 21:06:23,600] INFO [ExpirationReaper-0-Fetch]: Shutdown completed (kafka.server.DelayedOperationPurgatory$ExpiredOperationReaper)
[2021-02-07 21:06:23,600] INFO [ExpirationReaper-0-Produce]: Shutting down (kafka.server.DelayedOperationPurgatory$ExpiredOperationReaper)
[2021-02-07 21:06:23,771] INFO [ExpirationReaper-0-Produce]: Stopped (kafka.server.DelayedOperationPurgatory$ExpiredOperationReaper)
[2021-02-07 21:06:23,771] INFO [ExpirationReaper-0-Produce]: Shutdown completed (kafka.server.DelayedOperationPurgatory$ExpiredOperationReaper)
[2021-02-07 21:06:23,771] INFO [ExpirationReaper-0-DeleteRecords]: Shutting down (kafka.server.DelayedOperationPurgatory$ExpiredOperationReaper)
[2021-02-07 21:06:23,941] INFO [ExpirationReaper-0-DeleteRecords]: Stopped (kafka.server.DelayedOperationPurgatory$ExpiredOperationReaper)
[2021-02-07 21:06:23,941] INFO [ExpirationReaper-0-DeleteRecords]: Shutdown completed (kafka.server.DelayedOperationPurgatory$ExpiredOperationReaper)
[2021-02-07 21:06:23,941] INFO [ExpirationReaper-0-ElectLeader]: Shutting down (kafka.server.DelayedOperationPurgatory$ExpiredOperationReaper)
[2021-02-07 21:06:24,005] INFO [ExpirationReaper-0-ElectLeader]: Stopped (kafka.server.DelayedOperationPurgatory$ExpiredOperationReaper)
[2021-02-07 21:06:24,005] INFO [ExpirationReaper-0-ElectLeader]: Shutdown completed (kafka.server.DelayedOperationPurgatory$ExpiredOperationReaper)
[2021-02-07 21:06:24,015] INFO [ReplicaManager broker=0] Shut down completely (kafka.server.ReplicaManager)
[2021-02-07 21:06:24,015] INFO [broker-0-to-controller-send-thread]: Shutting down (kafka.server.BrokerToControllerRequestThread)
[2021-02-07 21:06:24,015] INFO [broker-0-to-controller-send-thread]: Shutdown completed (kafka.server.BrokerToControllerRequestThread)
[2021-02-07 21:06:24,015] INFO [broker-0-to-controller-send-thread]: Stopped (kafka.server.BrokerToControllerRequestThread)
[2021-02-07 21:06:24,016] INFO [broker-0-to-controller-send-thread]: Shutdown completed (kafka.server.BrokerToControllerRequestThread)
[2021-02-07 21:06:24,017] INFO Shutting down. (kafka.log.LogManager)
[2021-02-07 21:06:24,028] INFO [ProducerStateManager partition=__consumer_offsets-43] Writing producer snapshot at offset 1020 (kafka.log.ProducerStateManager)
[2021-02-07 21:06:24,046] INFO [ProducerStateManager partition=__consumer_offsets-14] Writing producer snapshot at offset 667 (kafka.log.ProducerStateManager)
[2021-02-07 21:06:24,047] INFO [ProducerStateManager partition=grpc-test-0] Writing producer snapshot at offset 238895 (kafka.log.ProducerStateManager)
[2021-02-07 21:06:24,063] INFO Shutdown complete. (kafka.log.LogManager)
[2021-02-07 21:06:24,069] INFO [feature-zk-node-event-process-thread]: Shutting down (kafka.server.FinalizedFeatureChangeListener$ChangeNotificationProcessorThread)
[2021-02-07 21:06:24,070] INFO [feature-zk-node-event-process-thread]: Shutdown completed (kafka.server.FinalizedFeatureChangeListener$ChangeNotificationProcessorThread)
[2021-02-07 21:06:24,069] INFO [feature-zk-node-event-process-thread]: Stopped (kafka.server.FinalizedFeatureChangeListener$ChangeNotificationProcessorThread)
[2021-02-07 21:06:24,070] INFO [ZooKeeperClient Kafka server] Closing. (kafka.zookeeper.ZooKeeperClient)
[2021-02-07 21:06:24,175] INFO Session: 0x1000007674d0000 closed (org.apache.zookeeper.ZooKeeper)
[2021-02-07 21:06:24,175] INFO EventThread shut down for session: 0x1000007674d0000 (org.apache.zookeeper.ClientCnxn)
[2021-02-07 21:06:24,175] INFO [ZooKeeperClient Kafka server] Closed. (kafka.zookeeper.ZooKeeperClient)
[2021-02-07 21:06:24,175] INFO [ThrottledChannelReaper-Fetch]: Shutting down (kafka.server.ClientQuotaManager$ThrottledChannelReaper)
[2021-02-07 21:06:24,320] INFO [ThrottledChannelReaper-Fetch]: Stopped (kafka.server.ClientQuotaManager$ThrottledChannelReaper)
[2021-02-07 21:06:24,320] INFO [ThrottledChannelReaper-Fetch]: Shutdown completed (kafka.server.ClientQuotaManager$ThrottledChannelReaper)
[2021-02-07 21:06:24,321] INFO [ThrottledChannelReaper-Produce]: Shutting down (kafka.server.ClientQuotaManager$ThrottledChannelReaper)
[2021-02-07 21:06:25,321] INFO [ThrottledChannelReaper-Produce]: Stopped (kafka.server.ClientQuotaManager$ThrottledChannelReaper)
[2021-02-07 21:06:25,321] INFO [ThrottledChannelReaper-Produce]: Shutdown completed (kafka.server.ClientQuotaManager$ThrottledChannelReaper)
[2021-02-07 21:06:25,321] INFO [ThrottledChannelReaper-Request]: Shutting down (kafka.server.ClientQuotaManager$ThrottledChannelReaper)
[2021-02-07 21:06:26,321] INFO [ThrottledChannelReaper-Request]: Stopped (kafka.server.ClientQuotaManager$ThrottledChannelReaper)
[2021-02-07 21:06:26,321] INFO [ThrottledChannelReaper-Request]: Shutdown completed (kafka.server.ClientQuotaManager$ThrottledChannelReaper)
[2021-02-07 21:06:26,322] INFO [ThrottledChannelReaper-ControllerMutation]: Shutting down (kafka.server.ClientQuotaManager$ThrottledChannelReaper)
[2021-02-07 21:06:26,414] INFO [ThrottledChannelReaper-ControllerMutation]: Stopped (kafka.server.ClientQuotaManager$ThrottledChannelReaper)
[2021-02-07 21:06:26,415] INFO [ThrottledChannelReaper-ControllerMutation]: Shutdown completed (kafka.server.ClientQuotaManager$ThrottledChannelReaper)
[2021-02-07 21:06:26,415] INFO [SocketServer brokerId=0] Shutting down socket server (kafka.network.SocketServer)
[2021-02-07 21:06:26,427] INFO [SocketServer brokerId=0] Shutdown completed (kafka.network.SocketServer)
[2021-02-07 21:06:26,427] INFO Metrics scheduler closed (org.apache.kafka.common.metrics.Metrics)
[2021-02-07 21:06:26,427] INFO Closing reporter org.apache.kafka.common.metrics.JmxReporter (org.apache.kafka.common.metrics.Metrics)
[2021-02-07 21:06:26,427] INFO Metrics reporters closed (org.apache.kafka.common.metrics.Metrics)
[2021-02-07 21:06:26,428] INFO Broker and topic stats closed (kafka.server.BrokerTopicStats)
[2021-02-07 21:06:26,429] INFO App info kafka.server for 0 unregistered (org.apache.kafka.common.utils.AppInfoParser)
[2021-02-07 21:06:26,429] INFO [KafkaServer id=0] shut down completed (kafka.server.KafkaServer)
